<?xml version="1.0" encoding="UTF-8"?>
<testsuite name="agh.ics.oop.MapDirectionTest" tests="3" skipped="0" failures="0" errors="0" timestamp="2022-10-24T10:49:50" hostname="LAPTOP-2U7CKOLQ" time="0.021">
  <properties/>
  <testcase name="previousTest()" classname="agh.ics.oop.MapDirectionTest" time="0.017"/>
  <testcase name="toUnitVectorTest()" classname="agh.ics.oop.MapDirectionTest" time="0.001"/>
  <testcase name="nextTest()" classname="agh.ics.oop.MapDirectionTest" time="0.001"/>
  <system-out><![CDATA[]]></system-out>
  <system-err><![CDATA[]]></system-err>
</testsuite>
